<?xml version="1.0" encoding="UTF-8" ?>
<testsuite failures="1" time="0.032" errors="0" skipped="0" tests="1" name="com.aad.ws.resource.ResultResourceTest">
  <properties>
[...]
</properties>
  <testcase time="0.032" classname="Description" name="testSubmitResult">
    <failure message="Expected status code &lt;201&gt; doesn&apos;t match actual status code &lt;404&gt;." type="java.lang.AssertionError">java.lang.AssertionError: Expected status code &lt;201&gt; doesn&apos;t match actual status code &lt;404&gt;.
	at sun.reflect.NativeConstructorAccessorImpl.newInstance0(Native Method)
	at sun.reflect.NativeConstructorAccessorImpl.newInstance(NativeConstructorAccessorImpl.java:57)
	at sun.reflect.DelegatingConstructorAccessorImpl.newInstance(DelegatingConstructorAccessorImpl.java:45)
	at java.lang.reflect.Constructor.newInstance(Constructor.java:525)
	at org.codehaus.groovy.reflection.CachedConstructor.invoke(CachedConstructor.java:77)
	at org.codehaus.groovy.runtime.callsite.ConstructorSite$ConstructorSiteNoUnwrapNoCoerce.callConstructor(ConstructorSite.java:102)
	at org.codehaus.groovy.runtime.callsite.CallSiteArray.defaultCallConstructor(CallSiteArray.java:54)
	at org.codehaus.groovy.runtime.callsite.AbstractCallSite.callConstructor(AbstractCallSite.java:182)
	at org.codehaus.groovy.runtime.callsite.AbstractCallSite.callConstructor(AbstractCallSite.java:190)
	at com.jayway.restassured.internal.ResponseSpecificationImpl$HamcrestAssertionClosure.validateHeadersAndCookies(ResponseSpecificationImpl.groovy:386)
	at com.jayway.restassured.internal.ResponseSpecificationImpl$HamcrestAssertionClosure.this$2$validateHeadersAndCookies(ResponseSpecificationImpl.groovy)
	at com.jayway.restassured.internal.ResponseSpecificationImpl$HamcrestAssertionClosure$this$2$validateHeadersAndCookies.callCurrent(Unknown Source)
	at com.jayway.restassured.internal.ResponseSpecificationImpl$HamcrestAssertionClosure.validate(ResponseSpecificationImpl.groovy:355)
	at com.jayway.restassured.internal.ResponseSpecificationImpl$HamcrestAssertionClosure$validate.call(Unknown Source)
	at com.jayway.restassured.internal.RequestSpecificationImpl.invokeFilterChain(RequestSpecificationImpl.groovy:659)
	at com.jayway.restassured.internal.RequestSpecificationImpl$invokeFilterChain.callCurrent(Unknown Source)
	at com.jayway.restassured.internal.RequestSpecificationImpl.applyPathParamsAndSendRequest(RequestSpecificationImpl.groovy:1037)
	at com.jayway.restassured.internal.RequestSpecificationImpl.this$2$applyPathParamsAndSendRequest(RequestSpecificationImpl.groovy)
	at com.jayway.restassured.internal.RequestSpecificationImpl$this$2$applyPathParamsAndSendRequest.callCurrent(Unknown Source)
	at com.jayway.restassured.internal.RequestSpecificationImpl.post(RequestSpecificationImpl.groovy:127)
	at com.jayway.restassured.specification.RequestSender$post.call(Unknown Source)
	at com.jayway.restassured.internal.ResponseSpecificationImpl.post(ResponseSpecificationImpl.groovy:221)
	at com.aad.ws.resource.ResultResourceTest.testSubmitResult(ResultResourceTest.java:38)
</failure>
    <system-out>*********************** Integration test ***********************
2013-02-07 00:45:07,237 AAD-WS DEBUG SingleClientConnManager:212 - Get connection for route HttpRoute[{}-&gt;http://localhost:9999]
2013-02-07 00:45:07,238 AAD-WS DEBUG DefaultClientConnectionOperator:145 - Connecting to localhost:9999
2013-02-07 00:45:07,239 AAD-WS DEBUG RequestAddCookies:132 - CookieSpec selected: best-match
2013-02-07 00:45:07,239 AAD-WS DEBUG RequestAuthCache:75 - Auth cache not set in the context
2013-02-07 00:45:07,240 AAD-WS DEBUG DefaultHttpClient:645 - Attempt 1 to execute request
2013-02-07 00:45:07,240 AAD-WS DEBUG DefaultClientConnection:264 - Sending request: POST /aad-ws/api/results/submit/ HTTP/1.1
2013-02-07 00:45:07,240 AAD-WS DEBUG wire:63 - &gt;&gt; &quot;POST /aad-ws/api/results/submit/ HTTP/1.1[\r][\n]&quot;
2013-02-07 00:45:07,241 AAD-WS DEBUG wire:63 - &gt;&gt; &quot;Accept: */*[\r][\n]&quot;
2013-02-07 00:45:07,241 AAD-WS DEBUG wire:63 - &gt;&gt; &quot;Content-Length: 110[\r][\n]&quot;
2013-02-07 00:45:07,241 AAD-WS DEBUG wire:63 - &gt;&gt; &quot;Content-Type: application/x-www-form-urlencoded; charset=ISO-8859-1[\r][\n]&quot;
2013-02-07 00:45:07,242 AAD-WS DEBUG wire:63 - &gt;&gt; &quot;Host: localhost:9999[\r][\n]&quot;
2013-02-07 00:45:07,242 AAD-WS DEBUG wire:63 - &gt;&gt; &quot;Connection: Keep-Alive[\r][\n]&quot;
2013-02-07 00:45:07,246 AAD-WS DEBUG wire:63 - &gt;&gt; &quot;Accept-Encoding: gzip,deflate[\r][\n]&quot;
2013-02-07 00:45:07,247 AAD-WS DEBUG wire:63 - &gt;&gt; &quot;[\r][\n]&quot;
2013-02-07 00:45:07,247 AAD-WS DEBUG headers:268 - &gt;&gt; POST /aad-ws/api/results/submit/ HTTP/1.1
2013-02-07 00:45:07,247 AAD-WS DEBUG headers:271 - &gt;&gt; Accept: */*
2013-02-07 00:45:07,247 AAD-WS DEBUG headers:271 - &gt;&gt; Content-Length: 110
2013-02-07 00:45:07,248 AAD-WS DEBUG headers:271 - &gt;&gt; Content-Type: application/x-www-form-urlencoded; charset=ISO-8859-1
2013-02-07 00:45:07,248 AAD-WS DEBUG headers:271 - &gt;&gt; Host: localhost:9999
2013-02-07 00:45:07,248 AAD-WS DEBUG headers:271 - &gt;&gt; Connection: Keep-Alive
2013-02-07 00:45:07,248 AAD-WS DEBUG headers:271 - &gt;&gt; Accept-Encoding: gzip,deflate
2013-02-07 00:45:07,248 AAD-WS DEBUG wire:77 - &gt;&gt; &quot;name=Group4+Testing&amp;description=This+is+Group4+testing&amp;type=1&amp;category=1&amp;size=500+KB&amp;developer=Group4+Dev+Team&quot;
2013-02-07 00:45:07,257 AAD-WS DEBUG DefaultClientConnection:152 - Connection shut down
2013-02-07 00:45:07,257 AAD-WS DEBUG wire:63 - &lt;&lt; &quot;HTTP/1.1 404 Not Found[\r][\n]&quot;
2013-02-07 00:45:07,259 AAD-WS DEBUG wire:63 - &lt;&lt; &quot;Server: Apache-Coyote/1.1[\r][\n]&quot;
2013-02-07 00:45:07,259 AAD-WS DEBUG wire:63 - &lt;&lt; &quot;Content-Type: text/html;charset=utf-8[\r][\n]&quot;
2013-02-07 00:45:07,260 AAD-WS DEBUG wire:63 - &lt;&lt; &quot;Content-Length: 977[\r][\n]&quot;
2013-02-07 00:45:07,260 AAD-WS DEBUG wire:63 - &lt;&lt; &quot;Date: Thu, 07 Feb 2013 00:45:07 GMT[\r][\n]&quot;
2013-02-07 00:45:07,260 AAD-WS DEBUG wire:63 - &lt;&lt; &quot;[\r][\n]&quot;
2013-02-07 00:45:07,260 AAD-WS DEBUG DefaultClientConnection:249 - Receiving response: HTTP/1.1 404 Not Found
2013-02-07 00:45:07,261 AAD-WS DEBUG headers:252 - &lt;&lt; HTTP/1.1 404 Not Found
2013-02-07 00:45:07,261 AAD-WS DEBUG headers:255 - &lt;&lt; Server: Apache-Coyote/1.1
2013-02-07 00:45:07,261 AAD-WS DEBUG headers:255 - &lt;&lt; Content-Type: text/html;charset=utf-8
2013-02-07 00:45:07,261 AAD-WS DEBUG headers:255 - &lt;&lt; Content-Length: 977
2013-02-07 00:45:07,261 AAD-WS DEBUG headers:255 - &lt;&lt; Date: Thu, 07 Feb 2013 00:45:07 GMT
2013-02-07 00:45:07,263 AAD-WS DEBUG DefaultHttpClient:487 - Connection can be kept alive indefinitely
2013-02-07 00:45:07,264 AAD-WS DEBUG RequestSpecificationImpl$RestAssuredHttpBuilder:472 - Parsing response as: text/html;charset=utf-8
2013-02-07 00:45:07,264 AAD-WS DEBUG RequestSpecificationImpl$RestAssuredHttpBuilder:475 - Parsed data to instance of: class org.apache.http.conn.EofSensorInputStream
</system-out>
  </testcase>
</testsuite>